<?xml version="1.0" encoding="UTF-8"?>
<testsuite name="com.vpath.appcenter.repository.ApplicationRepositoryFindAllTests" time="0" tests="1" errors="0" skipped="0" failures="1">
  <properties>
[...]
</properties>
  <testcase name="findAllTest" classname="com.vpath.appcenter.repository.ApplicationRepositoryFindAllTests" time="0">
    <failure message="expected:&lt;6&gt; but was:&lt;8&gt;" type="java.lang.AssertionError"><![CDATA[java.lang.AssertionError: expected:<6> but was:<8>
	at org.junit.Assert.fail(Assert.java:88)
	at org.junit.Assert.failNotEquals(Assert.java:834)
	at org.junit.Assert.assertEquals(Assert.java:645)
	at org.junit.Assert.assertEquals(Assert.java:631)
	at com.vpath.appcenter.repository.ApplicationRepositoryFindAllTests.findAllTest(ApplicationRepositoryFindAllTests.java:44)
]]></failure>
    <system-out><![CDATA[2016-03-11 18:15:07.783 DEBUG 5718 --- [           main] c.vpath.appcenter.AppCenterApplication   : Im in after class method
2016-03-11 18:15:07.786  INFO 5718 --- [           main] o.s.t.c.support.AbstractContextLoader    : Could not detect default resource locations for test class [com.vpath.appcenter.repository.ApplicationRepositoryFindAllTests]: no resource found for suffixes {-context.xml, Context.groovy}.
2016-03-11 18:15:07.790  INFO 5718 --- [           main] o.s.t.c.s.DefaultTestContextBootstrapper : Loaded default TestExecutionListener class names from location [META-INF/spring.factories]: [org.springframework.test.context.web.ServletTestExecutionListener, org.springframework.test.context.support.DirtiesContextBeforeModesTestExecutionListener, org.springframework.test.context.support.DependencyInjectionTestExecutionListener, org.springframework.test.context.support.DirtiesContextTestExecutionListener, org.springframework.test.context.transaction.TransactionalTestExecutionListener, org.springframework.test.context.jdbc.SqlScriptsTestExecutionListener]
2016-03-11 18:15:07.800  INFO 5718 --- [           main] o.s.t.c.s.DefaultTestContextBootstrapper : Using TestExecutionListeners: [org.springframework.test.context.web.ServletTestExecutionListener@62a6674f, org.springframework.test.context.support.DirtiesContextBeforeModesTestExecutionListener@70881123, org.springframework.test.context.support.DependencyInjectionTestExecutionListener@703fa45, org.springframework.test.context.support.DirtiesContextTestExecutionListener@5e905f2c, org.springframework.test.context.transaction.TransactionalTestExecutionListener@fddd7ae, org.springframework.test.context.jdbc.SqlScriptsTestExecutionListener@3f6cce7f]
2016-03-11 18:15:07.800 DEBUG 5718 --- [           main] c.vpath.appcenter.AppCenterApplication   : Im in before class method
2016-03-11 18:15:07.809 DEBUG 5718 --- [           main] org.hibernate.SQL                        : select applicatio0_.id as id1_0_, applicatio0_.description as descript2_0_, applicatio0_.name as name3_0_ from application applicatio0_
]]></system-out>
  </testcase>
</testsuite>