<?xml version="1.0" encoding="UTF-8"?>
<testsuite name="com.vpath.appcenter.service.ApplicationServiceImplDeleteTest" time="0" tests="1" errors="1" skipped="0" failures="0">
  <properties>
[...]
</properties>
  <testcase name="deleteTest" classname="com.vpath.appcenter.service.ApplicationServiceImplDeleteTest" time="0">
    <error message="The entity must not be null!; nested exception is java.lang.IllegalArgumentException: The entity must not be null!" type="org.springframework.dao.InvalidDataAccessApiUsageException">org.springframework.dao.InvalidDataAccessApiUsageException: The entity must not be null!; nested exception is java.lang.IllegalArgumentException: The entity must not be null!
	at org.springframework.util.Assert.notNull(Assert.java:115)
	at org.springframework.data.jpa.repository.support.SimpleJpaRepository.delete(SimpleJpaRepository.java:161)
	at sun.reflect.NativeMethodAccessorImpl.invoke0(Native Method)
	at sun.reflect.NativeMethodAccessorImpl.invoke(NativeMethodAccessorImpl.java:62)
	at sun.reflect.DelegatingMethodAccessorImpl.invoke(DelegatingMethodAccessorImpl.java:43)
	at java.lang.reflect.Method.invoke(Method.java:497)
	at org.springframework.data.repository.core.support.RepositoryFactorySupport$QueryExecutorMethodInterceptor.executeMethodOn(RepositoryFactorySupport.java:483)
	at org.springframework.data.repository.core.support.RepositoryFactorySupport$QueryExecutorMethodInterceptor.doInvoke(RepositoryFactorySupport.java:468)
	at org.springframework.data.repository.core.support.RepositoryFactorySupport$QueryExecutorMethodInterceptor.invoke(RepositoryFactorySupport.java:440)
	at org.springframework.aop.framework.ReflectiveMethodInvocation.proceed(ReflectiveMethodInvocation.java:179)
	at org.springframework.data.projection.DefaultMethodInvokingMethodInterceptor.invoke(DefaultMethodInvokingMethodInterceptor.java:61)
	at org.springframework.aop.framework.ReflectiveMethodInvocation.proceed(ReflectiveMethodInvocation.java:179)
	at org.springframework.transaction.interceptor.TransactionInterceptor$1.proceedWithInvocation(TransactionInterceptor.java:99)
	at org.springframework.transaction.interceptor.TransactionAspectSupport.invokeWithinTransaction(TransactionAspectSupport.java:281)
	at org.springframework.transaction.interceptor.TransactionInterceptor.invoke(TransactionInterceptor.java:96)
	at org.springframework.aop.framework.ReflectiveMethodInvocation.proceed(ReflectiveMethodInvocation.java:179)
	at org.springframework.dao.support.PersistenceExceptionTranslationInterceptor.invoke(PersistenceExceptionTranslationInterceptor.java:136)
	at org.springframework.aop.framework.ReflectiveMethodInvocation.proceed(ReflectiveMethodInvocation.java:179)
	at org.springframework.data.jpa.repository.support.CrudMethodMetadataPostProcessor$CrudMethodMetadataPopulatingMethodInterceptor.invoke(CrudMethodMetadataPostProcessor.java:131)
	at org.springframework.aop.framework.ReflectiveMethodInvocation.proceed(ReflectiveMethodInvocation.java:179)
	at org.springframework.aop.interceptor.ExposeInvocationInterceptor.invoke(ExposeInvocationInterceptor.java:92)
	at org.springframework.aop.framework.ReflectiveMethodInvocation.proceed(ReflectiveMethodInvocation.java:179)
	at org.springframework.aop.framework.JdkDynamicAopProxy.invoke(JdkDynamicAopProxy.java:208)
	at com.sun.proxy.$Proxy80.delete(Unknown Source)
	at com.vpath.appcenter.service.ApplicationServiceImpl.deleteApplication(ApplicationServiceImpl.java:40)
	at sun.reflect.NativeMethodAccessorImpl.invoke0(Native Method)
	at sun.reflect.NativeMethodAccessorImpl.invoke(NativeMethodAccessorImpl.java:62)
	at sun.reflect.DelegatingMethodAccessorImpl.invoke(DelegatingMethodAccessorImpl.java:43)
	at java.lang.reflect.Method.invoke(Method.java:497)
	at org.springframework.aop.support.AopUtils.invokeJoinpointUsingReflection(AopUtils.java:302)
	at org.springframework.aop.framework.ReflectiveMethodInvocation.invokeJoinpoint(ReflectiveMethodInvocation.java:190)
	at org.springframework.aop.framework.ReflectiveMethodInvocation.proceed(ReflectiveMethodInvocation.java:157)
	at org.springframework.transaction.interceptor.TransactionInterceptor$1.proceedWithInvocation(TransactionInterceptor.java:99)
	at org.springframework.transaction.interceptor.TransactionAspectSupport.invokeWithinTransaction(TransactionAspectSupport.java:281)
	at org.springframework.transaction.interceptor.TransactionInterceptor.invoke(TransactionInterceptor.java:96)
	at org.springframework.aop.framework.ReflectiveMethodInvocation.proceed(ReflectiveMethodInvocation.java:179)
	at org.springframework.aop.framework.JdkDynamicAopProxy.invoke(JdkDynamicAopProxy.java:208)
	at com.sun.proxy.$Proxy84.deleteApplication(Unknown Source)
	at com.vpath.appcenter.service.ApplicationServiceImplDeleteTest.deleteTest(ApplicationServiceImplDeleteTest.java:70)
</error>
    <system-out><![CDATA[2016-03-11 18:15:07.824 DEBUG 5718 --- [           main] c.vpath.appcenter.AppCenterApplication   : Im in after class method
2016-03-11 18:15:07.826  INFO 5718 --- [           main] o.s.t.c.support.AbstractContextLoader    : Could not detect default resource locations for test class [com.vpath.appcenter.service.ApplicationServiceImplDeleteTest]: no resource found for suffixes {-context.xml, Context.groovy}.
2016-03-11 18:15:07.846  INFO 5718 --- [           main] o.s.t.c.s.DefaultTestContextBootstrapper : Loaded default TestExecutionListener class names from location [META-INF/spring.factories]: [org.springframework.test.context.web.ServletTestExecutionListener, org.springframework.test.context.support.DirtiesContextBeforeModesTestExecutionListener, org.springframework.test.context.support.DependencyInjectionTestExecutionListener, org.springframework.test.context.support.DirtiesContextTestExecutionListener, org.springframework.test.context.transaction.TransactionalTestExecutionListener, org.springframework.test.context.jdbc.SqlScriptsTestExecutionListener]
2016-03-11 18:15:07.847  INFO 5718 --- [           main] o.s.t.c.s.DefaultTestContextBootstrapper : Using TestExecutionListeners: [org.springframework.test.context.web.ServletTestExecutionListener@14f060b8, org.springframework.test.context.support.DirtiesContextBeforeModesTestExecutionListener@7a0ab480, org.springframework.test.context.support.DependencyInjectionTestExecutionListener@79df80a4, org.springframework.test.context.support.DirtiesContextTestExecutionListener@130cfc47, org.springframework.test.context.transaction.TransactionalTestExecutionListener@4eeab3e, org.springframework.test.context.jdbc.SqlScriptsTestExecutionListener@2b6fb197]
2016-03-11 18:15:07.859 DEBUG 5718 --- [           main] c.v.a.s.ApplicationServiceImplDeleteTest : This is the BEGINNING of a TEST
2016-03-11 18:15:07.865 DEBUG 5718 --- [           main] c.v.a.s.ApplicationServiceImplDeleteTest : This is the beginning of the tests
2016-03-11 18:15:07.865  INFO 5718 --- [           main] c.v.a.s.ApplicationServiceImplDeleteTest : Saving name in dto object
2016-03-11 18:15:07.865  INFO 5718 --- [           main] c.v.a.s.ApplicationServiceImplDeleteTest : Saving description in dto object
2016-03-11 18:15:07.867 DEBUG 5718 --- [           main] org.hibernate.SQL                        : select applicatio0_.id as id1_0_, applicatio0_.description as descript2_0_, applicatio0_.name as name3_0_ from application applicatio0_ where applicatio0_.name=? and applicatio0_.description=?
2016-03-11 18:15:07.870 DEBUG 5718 --- [           main] c.v.a.s.ApplicationServiceImplDeleteTest : This is the end of the tests
]]></system-out>
  </testcase>
</testsuite>